CERBERUS 0.1.0 - Retro PC System Intelligence
(c) 2026 Tony Atkins / Barely Booting - MIT License
Display: VGA (color)

[detect] running...
[diagnose] running...
[benchmark] running...

+-- DETECTION SUMMARY -----------------------------------+
| env          dosbox-x                         ²²² |
| cpu          Intel i486DX (A-step)            ²²° |
|   f/m/s      4.0.2                            ²²° |
| fpu          Integrated i486DX FPU            ²²° |
| mem_conv     640                              ²²° |
| mem_ext      15360                            ²²° |
|   xms        yes                              ²²° |
|   ems        no                               ²²° |
| cache        yes                              ²²° |
| bus          pci                              ²²° |
| video        vga                              ²²° |
|   chipset    S3 generic                       ²²° |
| audio        OPL3-based card (unknown)        ²²° |
| bios         unknown                          ²°° |
|   date       01/01/92                         ²²° |
+--------------------------------------------------------+
Note: emulator detected - downstream confidence capped at MEDIUM.

Consistency: all rules passed.
